2018-02-26 09:58:40,252 INFO     [9048] (deoplete.logging) --- Deoplete Log Start ---
2018-02-26 09:58:40,253 INFO     [9048] (deoplete.logging) NVIM v0.2.2, Python 3.6.4, neovim client 0.2.1.dev0
2018-02-26 09:58:40,319 DEBUG    [9048] (deoplete.core) on_event: Init
2018-02-26 09:58:40,320 DEBUG    [9048] (deoplete.core) Process 0: /home/delusional/.vim/plugged/deoplete.nvim/rplugin/python3/deoplete/source/base.py
2018-02-26 09:58:40,324 DEBUG    [9048] (deoplete.core) Process 1: /home/delusional/.vim/plugged/deoplete.nvim/rplugin/python3/deoplete/source/tag.py
2018-02-26 09:58:40,325 DEBUG    [9048] (deoplete.core) Process 2: /home/delusional/.vim/plugged/deoplete.nvim/rplugin/python3/deoplete/source/around.py
2018-02-26 09:58:40,325 DEBUG    [9048] (deoplete.core) Process 3: /home/delusional/.vim/plugged/deoplete.nvim/rplugin/python3/deoplete/source/buffer.py
2018-02-26 09:58:40,325 DEBUG    [9048] (deoplete.core) Process 0: /home/delusional/.vim/plugged/deoplete.nvim/rplugin/python3/deoplete/source/file.py
2018-02-26 09:58:40,325 DEBUG    [9048] (deoplete.core) Process 1: /home/delusional/.vim/plugged/deoplete.nvim/rplugin/python3/deoplete/source/member.py
2018-02-26 09:58:40,325 DEBUG    [9048] (deoplete.core) Process 2: /home/delusional/.vim/plugged/deoplete.nvim/rplugin/python3/deoplete/source/omni.py
2018-02-26 09:58:40,325 DEBUG    [9048] (deoplete.core) Process 3: /home/delusional/.vim/plugged/deoplete.nvim/rplugin/python3/deoplete/source/dictionary.py
2018-02-26 09:58:40,332 DEBUG    [9048] (deoplete.core) Process 0: /home/delusional/.vim/plugged/neoinclude.vim/rplugin/python3/deoplete/sources/file_include.py
2018-02-26 09:58:40,332 DEBUG    [9048] (deoplete.core) Process 1: /home/delusional/.vim/plugged/deoplete-clang/rplugin/python3/deoplete/sources/cmake.py
2018-02-26 09:58:40,333 DEBUG    [9048] (deoplete.core) Process 2: /home/delusional/.vim/plugged/deoplete-clang/rplugin/python3/deoplete/sources/deoplete_clang.py
2018-02-26 09:58:40,333 DEBUG    [9048] (deoplete.core) Process 3: /home/delusional/.vim/plugged/vimshell/rplugin/python3/deoplete/sources/vimshell_history.py
2018-02-26 09:58:40,333 DEBUG    [9048] (deoplete.core) Process 0: /home/delusional/.vim/plugged/vimshell/rplugin/python3/deoplete/sources/vimshell.py
2018-02-26 09:58:40,350 DEBUG    [9048] (deoplete.core) Process 1: /home/delusional/.vim/plugged/ultisnips/rplugin/python3/deoplete/sources/ultisnips.py
2018-02-26 09:58:40,925 INFO     [9055] (deoplete.logging) --- Deoplete Log Start ---
2018-02-26 09:58:40,934 INFO     [9055] (deoplete.logging) NVIM v0.2.2, Python 3.6.4, neovim client 0.2.1.dev0
2018-02-26 09:58:40,939 DEBUG    [9055] (deoplete.child) main_loop: end
2018-02-26 09:58:40,939 DEBUG    [9055] (deoplete.child) main_loop: add_source begin
2018-02-26 09:58:40,940 DEBUG    [9055] (deoplete.child) main_loop: end
2018-02-26 09:58:40,940 DEBUG    [9055] (deoplete.child) main_loop: add_source begin
2018-02-26 09:58:40,941 DEBUG    [9055] (deoplete.child) Loaded Source: file (/home/delusional/.vim/plugged/deoplete.nvim/rplugin/python3/deoplete/source/file.py)
2018-02-26 09:58:40,941 DEBUG    [9055] (deoplete.child) main_loop: end
2018-02-26 09:58:40,941 DEBUG    [9055] (deoplete.child) main_loop: add_source begin
2018-02-26 09:58:40,941 DEBUG    [9055] (deoplete.child) Loaded Source: file/include (/home/delusional/.vim/plugged/neoinclude.vim/rplugin/python3/deoplete/sources/file_include.py)
2018-02-26 09:58:40,942 DEBUG    [9055] (deoplete.child) main_loop: end
2018-02-26 09:58:40,942 DEBUG    [9055] (deoplete.child) main_loop: add_source begin
2018-02-26 09:58:40,942 DEBUG    [9055] (deoplete.child) Loaded Source: vimshell (/home/delusional/.vim/plugged/vimshell/rplugin/python3/deoplete/sources/vimshell.py)
2018-02-26 09:58:40,942 DEBUG    [9055] (deoplete.child) main_loop: end
2018-02-26 09:58:40,942 DEBUG    [9055] (deoplete.child) main_loop: set_source_attributes begin
2018-02-26 09:58:40,943 DEBUG    [9055] (deoplete.child) main_loop: end
2018-02-26 09:58:40,943 DEBUG    [9055] (deoplete.child) main_loop: set_custom begin
2018-02-26 09:58:40,943 DEBUG    [9055] (deoplete.child) main_loop: end
2018-02-26 09:58:40,943 DEBUG    [9055] (deoplete.child) main_loop: add_filter begin
2018-02-26 09:58:40,943 DEBUG    [9055] (deoplete.child) main_loop: end
2018-02-26 09:58:40,944 DEBUG    [9055] (deoplete.child) main_loop: add_filter begin
2018-02-26 09:58:40,944 DEBUG    [9055] (deoplete.child) Loaded Filter: converter_auto_paren (/home/delusional/.vim/plugged/deoplete.nvim/rplugin/python3/deoplete/filter/converter_auto_paren.py)
2018-02-26 09:58:40,944 DEBUG    [9055] (deoplete.child) main_loop: end
2018-02-26 09:58:40,944 DEBUG    [9055] (deoplete.child) main_loop: add_filter begin
2018-02-26 09:58:40,945 DEBUG    [9055] (deoplete.child) Loaded Filter: matcher_cpsm (/home/delusional/.vim/plugged/deoplete.nvim/rplugin/python3/deoplete/filter/matcher_cpsm.py)
2018-02-26 09:58:40,945 DEBUG    [9055] (deoplete.child) main_loop: end
2018-02-26 09:58:40,945 DEBUG    [9055] (deoplete.child) main_loop: add_filter begin
2018-02-26 09:58:40,945 DEBUG    [9055] (deoplete.child) Loaded Filter: converter_remove_paren (/home/delusional/.vim/plugged/deoplete.nvim/rplugin/python3/deoplete/filter/converter_remove_paren.py)
2018-02-26 09:58:40,945 DEBUG    [9055] (deoplete.child) main_loop: end
2018-02-26 09:58:40,946 DEBUG    [9055] (deoplete.child) main_loop: add_filter begin
2018-02-26 09:58:40,946 DEBUG    [9055] (deoplete.child) Loaded Filter: converter_truncate_kind (/home/delusional/.vim/plugged/deoplete.nvim/rplugin/python3/deoplete/filter/converter_truncate_kind.py)
2018-02-26 09:58:40,946 DEBUG    [9055] (deoplete.child) main_loop: end
2018-02-26 09:58:40,946 DEBUG    [9055] (deoplete.child) main_loop: add_filter begin
2018-02-26 09:58:40,947 DEBUG    [9055] (deoplete.child) Loaded Filter: sorter_rank (/home/delusional/.vim/plugged/deoplete.nvim/rplugin/python3/deoplete/filter/sorter_rank.py)
2018-02-26 09:58:40,947 DEBUG    [9055] (deoplete.child) main_loop: end
2018-02-26 09:58:40,947 DEBUG    [9055] (deoplete.child) main_loop: add_filter begin
2018-02-26 09:58:40,947 DEBUG    [9055] (deoplete.child) Loaded Filter: matcher_fuzzy (/home/delusional/.vim/plugged/deoplete.nvim/rplugin/python3/deoplete/filter/matcher_fuzzy.py)
2018-02-26 09:58:40,947 DEBUG    [9055] (deoplete.child) main_loop: end
2018-02-26 09:58:40,948 DEBUG    [9055] (deoplete.child) main_loop: add_filter begin
2018-02-26 09:58:40,948 DEBUG    [9055] (deoplete.child) Loaded Filter: matcher_head (/home/delusional/.vim/plugged/deoplete.nvim/rplugin/python3/deoplete/filter/matcher_head.py)
2018-02-26 09:58:40,948 DEBUG    [9055] (deoplete.child) main_loop: end
2018-02-26 09:58:40,948 DEBUG    [9055] (deoplete.child) main_loop: add_filter begin
2018-02-26 09:58:40,951 DEBUG    [9055] (deoplete.child) Loaded Filter: converter_truncate_menu (/home/delusional/.vim/plugged/deoplete.nvim/rplugin/python3/deoplete/filter/converter_truncate_menu.py)
2018-02-26 09:58:40,951 DEBUG    [9055] (deoplete.child) main_loop: end
2018-02-26 09:58:40,951 DEBUG    [9055] (deoplete.child) main_loop: add_filter begin
2018-02-26 09:58:40,952 DEBUG    [9055] (deoplete.child) Loaded Filter: converter_truncate_abbr (/home/delusional/.vim/plugged/deoplete.nvim/rplugin/python3/deoplete/filter/converter_truncate_abbr.py)
2018-02-26 09:58:40,952 DEBUG    [9055] (deoplete.child) main_loop: end
2018-02-26 09:58:40,952 DEBUG    [9055] (deoplete.child) main_loop: add_filter begin
2018-02-26 09:58:40,952 DEBUG    [9055] (deoplete.child) Loaded Filter: matcher_full_fuzzy (/home/delusional/.vim/plugged/deoplete.nvim/rplugin/python3/deoplete/filter/matcher_full_fuzzy.py)
2018-02-26 09:58:40,952 DEBUG    [9055] (deoplete.child) main_loop: end
2018-02-26 09:58:40,952 DEBUG    [9055] (deoplete.child) main_loop: add_filter begin
2018-02-26 09:58:40,953 DEBUG    [9055] (deoplete.child) Loaded Filter: sorter_word (/home/delusional/.vim/plugged/deoplete.nvim/rplugin/python3/deoplete/filter/sorter_word.py)
2018-02-26 09:58:40,953 DEBUG    [9055] (deoplete.child) main_loop: end
2018-02-26 09:58:40,953 DEBUG    [9055] (deoplete.child) main_loop: add_filter begin
2018-02-26 09:58:40,954 DEBUG    [9055] (deoplete.child) Loaded Filter: converter_auto_delimiter (/home/delusional/.vim/plugged/deoplete.nvim/rplugin/python3/deoplete/filter/converter_auto_delimiter.py)
2018-02-26 09:58:40,954 DEBUG    [9055] (deoplete.child) main_loop: end
2018-02-26 09:58:40,954 DEBUG    [9055] (deoplete.child) main_loop: add_filter begin
2018-02-26 09:58:40,956 DEBUG    [9055] (deoplete.child) Loaded Filter: matcher_length (/home/delusional/.vim/plugged/deoplete.nvim/rplugin/python3/deoplete/filter/matcher_length.py)
2018-02-26 09:58:40,957 DEBUG    [9055] (deoplete.child) main_loop: end
2018-02-26 09:58:40,957 DEBUG    [9055] (deoplete.child) main_loop: add_filter begin
2018-02-26 09:58:40,957 DEBUG    [9055] (deoplete.child) Loaded Filter: converter_remove_overlap (/home/delusional/.vim/plugged/deoplete.nvim/rplugin/python3/deoplete/filter/converter_remove_overlap.py)
2018-02-26 09:58:40,958 DEBUG    [9055] (deoplete.child) main_loop: end
2018-02-26 09:58:40,958 DEBUG    [9055] (deoplete.child) main_loop: on_event begin
2018-02-26 09:58:40,958 DEBUG    [9055] (deoplete.child) on_init Source: file
2018-02-26 09:58:40,958 DEBUG    [9055] (deoplete.child) on_event: Source: file
2018-02-26 09:58:40,969 DEBUG    [9055] (deoplete.child) on_event: Source: file/include
2018-02-26 09:58:40,969 DEBUG    [9055] (deoplete.child) main_loop: end
2018-02-26 09:58:40,970 INFO     [9059] (deoplete.logging) --- Deoplete Log Start ---
2018-02-26 09:58:40,970 INFO     [9059] (deoplete.logging) NVIM v0.2.2, Python 3.6.4, neovim client 0.2.1.dev0
2018-02-26 09:58:40,974 DEBUG    [9059] (deoplete.child) main_loop: end
2018-02-26 09:58:40,974 DEBUG    [9059] (deoplete.child) main_loop: add_source begin
2018-02-26 09:58:40,975 DEBUG    [9059] (deoplete.child) Loaded Source: around (/home/delusional/.vim/plugged/deoplete.nvim/rplugin/python3/deoplete/source/around.py)
2018-02-26 09:58:40,975 DEBUG    [9059] (deoplete.child) main_loop: end
2018-02-26 09:58:40,975 DEBUG    [9059] (deoplete.child) main_loop: add_source begin
2018-02-26 09:58:40,976 DEBUG    [9059] (deoplete.child) Loaded Source: omni (/home/delusional/.vim/plugged/deoplete.nvim/rplugin/python3/deoplete/source/omni.py)
2018-02-26 09:58:40,976 DEBUG    [9059] (deoplete.child) main_loop: end
2018-02-26 09:58:40,976 DEBUG    [9059] (deoplete.child) main_loop: add_source begin
2018-02-26 09:58:40,988 DEBUG    [9059] (deoplete.child) Loaded Source: clang (/home/delusional/.vim/plugged/deoplete-clang/rplugin/python3/deoplete/sources/deoplete_clang.py)
2018-02-26 09:58:40,989 DEBUG    [9059] (deoplete.child) main_loop: end
2018-02-26 09:58:40,989 DEBUG    [9059] (deoplete.child) main_loop: set_source_attributes begin
2018-02-26 09:58:40,989 DEBUG    [9059] (deoplete.child) main_loop: end
2018-02-26 09:58:40,989 DEBUG    [9059] (deoplete.child) main_loop: set_custom begin
2018-02-26 09:58:40,989 DEBUG    [9059] (deoplete.child) main_loop: end
2018-02-26 09:58:40,989 DEBUG    [9059] (deoplete.child) main_loop: add_filter begin
2018-02-26 09:58:40,990 DEBUG    [9059] (deoplete.child) main_loop: end
2018-02-26 09:58:40,990 DEBUG    [9059] (deoplete.child) main_loop: add_filter begin
2018-02-26 09:58:40,990 DEBUG    [9059] (deoplete.child) Loaded Filter: converter_auto_paren (/home/delusional/.vim/plugged/deoplete.nvim/rplugin/python3/deoplete/filter/converter_auto_paren.py)
2018-02-26 09:58:40,990 DEBUG    [9059] (deoplete.child) main_loop: end
2018-02-26 09:58:40,991 DEBUG    [9059] (deoplete.child) main_loop: add_filter begin
2018-02-26 09:58:40,991 DEBUG    [9059] (deoplete.child) Loaded Filter: matcher_cpsm (/home/delusional/.vim/plugged/deoplete.nvim/rplugin/python3/deoplete/filter/matcher_cpsm.py)
2018-02-26 09:58:40,991 DEBUG    [9059] (deoplete.child) main_loop: end
2018-02-26 09:58:40,991 DEBUG    [9059] (deoplete.child) main_loop: add_filter begin
2018-02-26 09:58:40,992 DEBUG    [9059] (deoplete.child) Loaded Filter: converter_remove_paren (/home/delusional/.vim/plugged/deoplete.nvim/rplugin/python3/deoplete/filter/converter_remove_paren.py)
2018-02-26 09:58:40,992 DEBUG    [9059] (deoplete.child) main_loop: end
2018-02-26 09:58:40,992 DEBUG    [9059] (deoplete.child) main_loop: add_filter begin
2018-02-26 09:58:40,992 DEBUG    [9059] (deoplete.child) Loaded Filter: converter_truncate_kind (/home/delusional/.vim/plugged/deoplete.nvim/rplugin/python3/deoplete/filter/converter_truncate_kind.py)
2018-02-26 09:58:40,993 DEBUG    [9059] (deoplete.child) main_loop: end
2018-02-26 09:58:40,993 DEBUG    [9059] (deoplete.child) main_loop: add_filter begin
2018-02-26 09:58:40,993 DEBUG    [9059] (deoplete.child) Loaded Filter: sorter_rank (/home/delusional/.vim/plugged/deoplete.nvim/rplugin/python3/deoplete/filter/sorter_rank.py)
2018-02-26 09:58:40,993 DEBUG    [9059] (deoplete.child) main_loop: end
2018-02-26 09:58:40,993 DEBUG    [9059] (deoplete.child) main_loop: add_filter begin
2018-02-26 09:58:40,994 DEBUG    [9059] (deoplete.child) Loaded Filter: matcher_fuzzy (/home/delusional/.vim/plugged/deoplete.nvim/rplugin/python3/deoplete/filter/matcher_fuzzy.py)
2018-02-26 09:58:40,994 DEBUG    [9059] (deoplete.child) main_loop: end
2018-02-26 09:58:40,994 DEBUG    [9059] (deoplete.child) main_loop: add_filter begin
2018-02-26 09:58:40,995 DEBUG    [9059] (deoplete.child) Loaded Filter: matcher_head (/home/delusional/.vim/plugged/deoplete.nvim/rplugin/python3/deoplete/filter/matcher_head.py)
2018-02-26 09:58:40,995 DEBUG    [9059] (deoplete.child) main_loop: end
2018-02-26 09:58:40,995 DEBUG    [9059] (deoplete.child) main_loop: add_filter begin
2018-02-26 09:58:40,995 DEBUG    [9059] (deoplete.child) Loaded Filter: converter_truncate_menu (/home/delusional/.vim/plugged/deoplete.nvim/rplugin/python3/deoplete/filter/converter_truncate_menu.py)
2018-02-26 09:58:40,996 DEBUG    [9059] (deoplete.child) main_loop: end
2018-02-26 09:58:40,996 DEBUG    [9059] (deoplete.child) main_loop: add_filter begin
2018-02-26 09:58:40,996 DEBUG    [9059] (deoplete.child) Loaded Filter: converter_truncate_abbr (/home/delusional/.vim/plugged/deoplete.nvim/rplugin/python3/deoplete/filter/converter_truncate_abbr.py)
2018-02-26 09:58:40,996 DEBUG    [9059] (deoplete.child) main_loop: end
2018-02-26 09:58:40,996 DEBUG    [9059] (deoplete.child) main_loop: add_filter begin
2018-02-26 09:58:40,997 DEBUG    [9059] (deoplete.child) Loaded Filter: matcher_full_fuzzy (/home/delusional/.vim/plugged/deoplete.nvim/rplugin/python3/deoplete/filter/matcher_full_fuzzy.py)
2018-02-26 09:58:40,997 DEBUG    [9059] (deoplete.child) main_loop: end
2018-02-26 09:58:40,997 DEBUG    [9059] (deoplete.child) main_loop: add_filter begin
2018-02-26 09:58:40,997 DEBUG    [9059] (deoplete.child) Loaded Filter: sorter_word (/home/delusional/.vim/plugged/deoplete.nvim/rplugin/python3/deoplete/filter/sorter_word.py)
2018-02-26 09:58:40,998 DEBUG    [9059] (deoplete.child) main_loop: end
2018-02-26 09:58:40,998 DEBUG    [9059] (deoplete.child) main_loop: add_filter begin
2018-02-26 09:58:40,998 DEBUG    [9059] (deoplete.child) Loaded Filter: converter_auto_delimiter (/home/delusional/.vim/plugged/deoplete.nvim/rplugin/python3/deoplete/filter/converter_auto_delimiter.py)
2018-02-26 09:58:40,998 DEBUG    [9059] (deoplete.child) main_loop: end
2018-02-26 09:58:40,998 DEBUG    [9059] (deoplete.child) main_loop: add_filter begin
2018-02-26 09:58:40,999 DEBUG    [9059] (deoplete.child) Loaded Filter: matcher_length (/home/delusional/.vim/plugged/deoplete.nvim/rplugin/python3/deoplete/filter/matcher_length.py)
2018-02-26 09:58:40,999 DEBUG    [9059] (deoplete.child) main_loop: end
2018-02-26 09:58:40,999 DEBUG    [9059] (deoplete.child) main_loop: add_filter begin
2018-02-26 09:58:40,999 DEBUG    [9059] (deoplete.child) Loaded Filter: converter_remove_overlap (/home/delusional/.vim/plugged/deoplete.nvim/rplugin/python3/deoplete/filter/converter_remove_overlap.py)
2018-02-26 09:58:41,000 DEBUG    [9059] (deoplete.child) main_loop: end
2018-02-26 09:58:41,000 DEBUG    [9059] (deoplete.child) main_loop: on_event begin
2018-02-26 09:58:41,000 DEBUG    [9059] (deoplete.child) on_event: Source: around
2018-02-26 09:58:41,000 DEBUG    [9059] (deoplete.child) on_event: Source: omni
2018-02-26 09:58:41,000 DEBUG    [9059] (deoplete.child) main_loop: end
2018-02-26 09:58:41,017 INFO     [9057] (deoplete.logging) --- Deoplete Log Start ---
2018-02-26 09:58:41,017 INFO     [9057] (deoplete.logging) NVIM v0.2.2, Python 3.6.4, neovim client 0.2.1.dev0
2018-02-26 09:58:41,019 DEBUG    [9057] (deoplete.child) main_loop: end
2018-02-26 09:58:41,020 DEBUG    [9057] (deoplete.child) main_loop: add_source begin
2018-02-26 09:58:41,022 DEBUG    [9057] (deoplete.child) Loaded Source: tag (/home/delusional/.vim/plugged/deoplete.nvim/rplugin/python3/deoplete/source/tag.py)
2018-02-26 09:58:41,022 DEBUG    [9057] (deoplete.child) main_loop: end
2018-02-26 09:58:41,022 DEBUG    [9057] (deoplete.child) main_loop: add_source begin
2018-02-26 09:58:41,022 DEBUG    [9057] (deoplete.child) Loaded Source: member (/home/delusional/.vim/plugged/deoplete.nvim/rplugin/python3/deoplete/source/member.py)
2018-02-26 09:58:41,023 DEBUG    [9057] (deoplete.child) main_loop: end
2018-02-26 09:58:41,023 DEBUG    [9057] (deoplete.child) main_loop: add_source begin
2018-02-26 09:58:41,027 INFO     [9061] (deoplete.logging) --- Deoplete Log Start ---
2018-02-26 09:58:41,028 INFO     [9061] (deoplete.logging) NVIM v0.2.2, Python 3.6.4, neovim client 0.2.1.dev0
2018-02-26 09:58:41,030 DEBUG    [9061] (deoplete.child) main_loop: end
2018-02-26 09:58:41,030 DEBUG    [9061] (deoplete.child) main_loop: add_source begin
2018-02-26 09:58:41,031 DEBUG    [9061] (deoplete.child) Loaded Source: buffer (/home/delusional/.vim/plugged/deoplete.nvim/rplugin/python3/deoplete/source/buffer.py)
2018-02-26 09:58:41,032 DEBUG    [9061] (deoplete.child) main_loop: end
2018-02-26 09:58:41,032 DEBUG    [9061] (deoplete.child) main_loop: add_source begin
2018-02-26 09:58:41,033 DEBUG    [9061] (deoplete.child) Loaded Source: dictionary (/home/delusional/.vim/plugged/deoplete.nvim/rplugin/python3/deoplete/source/dictionary.py)
2018-02-26 09:58:41,033 DEBUG    [9061] (deoplete.child) main_loop: end
2018-02-26 09:58:41,033 DEBUG    [9061] (deoplete.child) main_loop: add_source begin
2018-02-26 09:58:41,034 DEBUG    [9061] (deoplete.child) Loaded Source: vimshell_history (/home/delusional/.vim/plugged/vimshell/rplugin/python3/deoplete/sources/vimshell_history.py)
2018-02-26 09:58:41,034 DEBUG    [9061] (deoplete.child) main_loop: end
2018-02-26 09:58:41,034 DEBUG    [9061] (deoplete.child) main_loop: set_source_attributes begin
2018-02-26 09:58:41,034 DEBUG    [9061] (deoplete.child) main_loop: end
2018-02-26 09:58:41,034 DEBUG    [9061] (deoplete.child) main_loop: set_custom begin
2018-02-26 09:58:41,034 DEBUG    [9061] (deoplete.child) main_loop: end
2018-02-26 09:58:41,034 DEBUG    [9061] (deoplete.child) main_loop: add_filter begin
2018-02-26 09:58:41,035 DEBUG    [9061] (deoplete.child) main_loop: end
2018-02-26 09:58:41,035 DEBUG    [9061] (deoplete.child) main_loop: add_filter begin
2018-02-26 09:58:41,035 DEBUG    [9061] (deoplete.child) Loaded Filter: converter_auto_paren (/home/delusional/.vim/plugged/deoplete.nvim/rplugin/python3/deoplete/filter/converter_auto_paren.py)
2018-02-26 09:58:41,035 DEBUG    [9061] (deoplete.child) main_loop: end
2018-02-26 09:58:41,035 DEBUG    [9061] (deoplete.child) main_loop: add_filter begin
2018-02-26 09:58:41,036 DEBUG    [9061] (deoplete.child) Loaded Filter: matcher_cpsm (/home/delusional/.vim/plugged/deoplete.nvim/rplugin/python3/deoplete/filter/matcher_cpsm.py)
2018-02-26 09:58:41,036 DEBUG    [9061] (deoplete.child) main_loop: end
2018-02-26 09:58:41,036 DEBUG    [9061] (deoplete.child) main_loop: add_filter begin
2018-02-26 09:58:41,036 DEBUG    [9061] (deoplete.child) Loaded Filter: converter_remove_paren (/home/delusional/.vim/plugged/deoplete.nvim/rplugin/python3/deoplete/filter/converter_remove_paren.py)
2018-02-26 09:58:41,037 DEBUG    [9061] (deoplete.child) main_loop: end
2018-02-26 09:58:41,037 DEBUG    [9061] (deoplete.child) main_loop: add_filter begin
2018-02-26 09:58:41,037 DEBUG    [9061] (deoplete.child) Loaded Filter: converter_truncate_kind (/home/delusional/.vim/plugged/deoplete.nvim/rplugin/python3/deoplete/filter/converter_truncate_kind.py)
2018-02-26 09:58:41,037 DEBUG    [9061] (deoplete.child) main_loop: end
2018-02-26 09:58:41,037 DEBUG    [9061] (deoplete.child) main_loop: add_filter begin
2018-02-26 09:58:41,038 DEBUG    [9061] (deoplete.child) Loaded Filter: sorter_rank (/home/delusional/.vim/plugged/deoplete.nvim/rplugin/python3/deoplete/filter/sorter_rank.py)
2018-02-26 09:58:41,038 DEBUG    [9061] (deoplete.child) main_loop: end
2018-02-26 09:58:41,038 DEBUG    [9061] (deoplete.child) main_loop: add_filter begin
2018-02-26 09:58:41,038 DEBUG    [9061] (deoplete.child) Loaded Filter: matcher_fuzzy (/home/delusional/.vim/plugged/deoplete.nvim/rplugin/python3/deoplete/filter/matcher_fuzzy.py)
2018-02-26 09:58:41,038 DEBUG    [9061] (deoplete.child) main_loop: end
2018-02-26 09:58:41,038 DEBUG    [9061] (deoplete.child) main_loop: add_filter begin
2018-02-26 09:58:41,039 DEBUG    [9061] (deoplete.child) Loaded Filter: matcher_head (/home/delusional/.vim/plugged/deoplete.nvim/rplugin/python3/deoplete/filter/matcher_head.py)
2018-02-26 09:58:41,039 DEBUG    [9061] (deoplete.child) main_loop: end
2018-02-26 09:58:41,039 DEBUG    [9061] (deoplete.child) main_loop: add_filter begin
2018-02-26 09:58:41,039 DEBUG    [9061] (deoplete.child) Loaded Filter: converter_truncate_menu (/home/delusional/.vim/plugged/deoplete.nvim/rplugin/python3/deoplete/filter/converter_truncate_menu.py)
2018-02-26 09:58:41,039 DEBUG    [9061] (deoplete.child) main_loop: end
2018-02-26 09:58:41,040 DEBUG    [9061] (deoplete.child) main_loop: add_filter begin
2018-02-26 09:58:41,040 DEBUG    [9061] (deoplete.child) Loaded Filter: converter_truncate_abbr (/home/delusional/.vim/plugged/deoplete.nvim/rplugin/python3/deoplete/filter/converter_truncate_abbr.py)
2018-02-26 09:58:41,040 DEBUG    [9061] (deoplete.child) main_loop: end
2018-02-26 09:58:41,040 DEBUG    [9061] (deoplete.child) main_loop: add_filter begin
2018-02-26 09:58:41,040 DEBUG    [9061] (deoplete.child) Loaded Filter: matcher_full_fuzzy (/home/delusional/.vim/plugged/deoplete.nvim/rplugin/python3/deoplete/filter/matcher_full_fuzzy.py)
2018-02-26 09:58:41,041 DEBUG    [9061] (deoplete.child) main_loop: end
2018-02-26 09:58:41,041 DEBUG    [9061] (deoplete.child) main_loop: add_filter begin
2018-02-26 09:58:41,041 DEBUG    [9061] (deoplete.child) Loaded Filter: sorter_word (/home/delusional/.vim/plugged/deoplete.nvim/rplugin/python3/deoplete/filter/sorter_word.py)
2018-02-26 09:58:41,041 DEBUG    [9061] (deoplete.child) main_loop: end
2018-02-26 09:58:41,041 DEBUG    [9061] (deoplete.child) main_loop: add_filter begin
2018-02-26 09:58:41,042 DEBUG    [9061] (deoplete.child) Loaded Filter: converter_auto_delimiter (/home/delusional/.vim/plugged/deoplete.nvim/rplugin/python3/deoplete/filter/converter_auto_delimiter.py)
2018-02-26 09:58:41,042 DEBUG    [9061] (deoplete.child) main_loop: end
2018-02-26 09:58:41,042 DEBUG    [9061] (deoplete.child) main_loop: add_filter begin
2018-02-26 09:58:41,042 DEBUG    [9061] (deoplete.child) Loaded Filter: matcher_length (/home/delusional/.vim/plugged/deoplete.nvim/rplugin/python3/deoplete/filter/matcher_length.py)
2018-02-26 09:58:41,042 DEBUG    [9061] (deoplete.child) main_loop: end
2018-02-26 09:58:41,042 DEBUG    [9061] (deoplete.child) main_loop: add_filter begin
2018-02-26 09:58:41,043 DEBUG    [9061] (deoplete.child) Loaded Filter: converter_remove_overlap (/home/delusional/.vim/plugged/deoplete.nvim/rplugin/python3/deoplete/filter/converter_remove_overlap.py)
2018-02-26 09:58:41,043 DEBUG    [9061] (deoplete.child) main_loop: end
2018-02-26 09:58:41,043 DEBUG    [9061] (deoplete.child) main_loop: on_event begin
2018-02-26 09:58:41,043 DEBUG    [9061] (deoplete.child) on_event: Source: buffer
2018-02-26 09:58:41,050 DEBUG    [9061] (deoplete.child) on_event: Source: dictionary
2018-02-26 09:58:41,050 DEBUG    [9061] (deoplete.child) main_loop: end
2018-02-26 09:58:41,115 DEBUG    [9057] (deoplete.child) Loaded Source: cmake (/home/delusional/.vim/plugged/deoplete-clang/rplugin/python3/deoplete/sources/cmake.py)
2018-02-26 09:58:41,116 DEBUG    [9057] (deoplete.child) main_loop: end
2018-02-26 09:58:41,116 DEBUG    [9057] (deoplete.child) main_loop: add_source begin
2018-02-26 09:58:41,117 DEBUG    [9057] (deoplete.child) Loaded Source: ultisnips (/home/delusional/.vim/plugged/ultisnips/rplugin/python3/deoplete/sources/ultisnips.py)
2018-02-26 09:58:41,117 DEBUG    [9057] (deoplete.child) main_loop: end
2018-02-26 09:58:41,117 DEBUG    [9057] (deoplete.child) main_loop: set_source_attributes begin
2018-02-26 09:58:41,117 DEBUG    [9057] (deoplete.child) main_loop: end
2018-02-26 09:58:41,118 DEBUG    [9057] (deoplete.child) main_loop: set_custom begin
2018-02-26 09:58:41,118 DEBUG    [9057] (deoplete.child) main_loop: end
2018-02-26 09:58:41,118 DEBUG    [9057] (deoplete.child) main_loop: add_filter begin
2018-02-26 09:58:41,118 DEBUG    [9057] (deoplete.child) main_loop: end
2018-02-26 09:58:41,118 DEBUG    [9057] (deoplete.child) main_loop: add_filter begin
2018-02-26 09:58:41,118 DEBUG    [9057] (deoplete.child) Loaded Filter: converter_auto_paren (/home/delusional/.vim/plugged/deoplete.nvim/rplugin/python3/deoplete/filter/converter_auto_paren.py)
2018-02-26 09:58:41,118 DEBUG    [9057] (deoplete.child) main_loop: end
2018-02-26 09:58:41,118 DEBUG    [9057] (deoplete.child) main_loop: add_filter begin
2018-02-26 09:58:41,119 DEBUG    [9057] (deoplete.child) Loaded Filter: matcher_cpsm (/home/delusional/.vim/plugged/deoplete.nvim/rplugin/python3/deoplete/filter/matcher_cpsm.py)
2018-02-26 09:58:41,119 DEBUG    [9057] (deoplete.child) main_loop: end
2018-02-26 09:58:41,119 DEBUG    [9057] (deoplete.child) main_loop: add_filter begin
2018-02-26 09:58:41,119 DEBUG    [9057] (deoplete.child) Loaded Filter: converter_remove_paren (/home/delusional/.vim/plugged/deoplete.nvim/rplugin/python3/deoplete/filter/converter_remove_paren.py)
2018-02-26 09:58:41,119 DEBUG    [9057] (deoplete.child) main_loop: end
2018-02-26 09:58:41,119 DEBUG    [9057] (deoplete.child) main_loop: add_filter begin
2018-02-26 09:58:41,119 DEBUG    [9057] (deoplete.child) Loaded Filter: converter_truncate_kind (/home/delusional/.vim/plugged/deoplete.nvim/rplugin/python3/deoplete/filter/converter_truncate_kind.py)
2018-02-26 09:58:41,119 DEBUG    [9057] (deoplete.child) main_loop: end
2018-02-26 09:58:41,120 DEBUG    [9057] (deoplete.child) main_loop: add_filter begin
2018-02-26 09:58:41,120 DEBUG    [9057] (deoplete.child) Loaded Filter: sorter_rank (/home/delusional/.vim/plugged/deoplete.nvim/rplugin/python3/deoplete/filter/sorter_rank.py)
2018-02-26 09:58:41,120 DEBUG    [9057] (deoplete.child) main_loop: end
2018-02-26 09:58:41,120 DEBUG    [9057] (deoplete.child) main_loop: add_filter begin
2018-02-26 09:58:41,120 DEBUG    [9057] (deoplete.child) Loaded Filter: matcher_fuzzy (/home/delusional/.vim/plugged/deoplete.nvim/rplugin/python3/deoplete/filter/matcher_fuzzy.py)
2018-02-26 09:58:41,120 DEBUG    [9057] (deoplete.child) main_loop: end
2018-02-26 09:58:41,120 DEBUG    [9057] (deoplete.child) main_loop: add_filter begin
2018-02-26 09:58:41,121 DEBUG    [9057] (deoplete.child) Loaded Filter: matcher_head (/home/delusional/.vim/plugged/deoplete.nvim/rplugin/python3/deoplete/filter/matcher_head.py)
2018-02-26 09:58:41,121 DEBUG    [9057] (deoplete.child) main_loop: end
2018-02-26 09:58:41,121 DEBUG    [9057] (deoplete.child) main_loop: add_filter begin
2018-02-26 09:58:41,121 DEBUG    [9057] (deoplete.child) Loaded Filter: converter_truncate_menu (/home/delusional/.vim/plugged/deoplete.nvim/rplugin/python3/deoplete/filter/converter_truncate_menu.py)
2018-02-26 09:58:41,121 DEBUG    [9057] (deoplete.child) main_loop: end
2018-02-26 09:58:41,121 DEBUG    [9057] (deoplete.child) main_loop: add_filter begin
2018-02-26 09:58:41,121 DEBUG    [9057] (deoplete.child) Loaded Filter: converter_truncate_abbr (/home/delusional/.vim/plugged/deoplete.nvim/rplugin/python3/deoplete/filter/converter_truncate_abbr.py)
2018-02-26 09:58:41,121 DEBUG    [9057] (deoplete.child) main_loop: end
2018-02-26 09:58:41,121 DEBUG    [9057] (deoplete.child) main_loop: add_filter begin
2018-02-26 09:58:41,122 DEBUG    [9057] (deoplete.child) Loaded Filter: matcher_full_fuzzy (/home/delusional/.vim/plugged/deoplete.nvim/rplugin/python3/deoplete/filter/matcher_full_fuzzy.py)
2018-02-26 09:58:41,122 DEBUG    [9057] (deoplete.child) main_loop: end
2018-02-26 09:58:41,122 DEBUG    [9057] (deoplete.child) main_loop: add_filter begin
2018-02-26 09:58:41,122 DEBUG    [9057] (deoplete.child) Loaded Filter: sorter_word (/home/delusional/.vim/plugged/deoplete.nvim/rplugin/python3/deoplete/filter/sorter_word.py)
2018-02-26 09:58:41,122 DEBUG    [9057] (deoplete.child) main_loop: end
2018-02-26 09:58:41,122 DEBUG    [9057] (deoplete.child) main_loop: add_filter begin
2018-02-26 09:58:41,122 DEBUG    [9057] (deoplete.child) Loaded Filter: converter_auto_delimiter (/home/delusional/.vim/plugged/deoplete.nvim/rplugin/python3/deoplete/filter/converter_auto_delimiter.py)
2018-02-26 09:58:41,122 DEBUG    [9057] (deoplete.child) main_loop: end
2018-02-26 09:58:41,123 DEBUG    [9057] (deoplete.child) main_loop: add_filter begin
2018-02-26 09:58:41,123 DEBUG    [9057] (deoplete.child) Loaded Filter: matcher_length (/home/delusional/.vim/plugged/deoplete.nvim/rplugin/python3/deoplete/filter/matcher_length.py)
2018-02-26 09:58:41,123 DEBUG    [9057] (deoplete.child) main_loop: end
2018-02-26 09:58:41,123 DEBUG    [9057] (deoplete.child) main_loop: add_filter begin
2018-02-26 09:58:41,123 DEBUG    [9057] (deoplete.child) Loaded Filter: converter_remove_overlap (/home/delusional/.vim/plugged/deoplete.nvim/rplugin/python3/deoplete/filter/converter_remove_overlap.py)
2018-02-26 09:58:41,124 DEBUG    [9057] (deoplete.child) main_loop: end
2018-02-26 09:58:41,124 DEBUG    [9057] (deoplete.child) main_loop: on_event begin
2018-02-26 09:58:41,124 DEBUG    [9057] (deoplete.child) on_init Source: tag
2018-02-26 09:58:41,124 DEBUG    [9057] (deoplete.child) on_event: Source: tag
2018-02-26 09:58:41,132 DEBUG    [9057] (deoplete.child) on_event: Source: member
2018-02-26 09:58:41,132 DEBUG    [9057] (deoplete.child) on_event: Source: ultisnips
2018-02-26 09:58:41,132 DEBUG    [9057] (deoplete.child) main_loop: end
2018-02-26 09:58:41,625 DEBUG    [9048] (deoplete.core) on_event: VimLeavePre
